<?xml version="1.0" encoding="UTF-8"?>
<!-- Generated by org.testng.reporters.JUnitReportReporter -->
<testsuite skipped="0" hostname="DESKTOP-VRTLONR" name="com.groupkt.functionaltest.ValidstateStatenameTest" tests="7" failures="0" timestamp="24 Oct 2018 04:18:48 GMT" time="1.447" errors="0">
  <testcase name="validation" time="0.265" classname="com.groupkt.functionaltest.ValidstateStatenameTest"/>
  <testcase name="validation" time="0.213" classname="com.groupkt.functionaltest.ValidstateStatenameTest"/>
  <testcase name="validation" time="0.187" classname="com.groupkt.functionaltest.ValidstateStatenameTest"/>
  <testcase name="validation" time="0.200" classname="com.groupkt.functionaltest.ValidstateStatenameTest"/>
  <testcase name="validation" time="0.193" classname="com.groupkt.functionaltest.ValidstateStatenameTest"/>
  <testcase name="validation" time="0.183" classname="com.groupkt.functionaltest.ValidstateStatenameTest"/>
  <testcase name="validation" time="0.206" classname="com.groupkt.functionaltest.ValidstateStatenameTest"/>
</testsuite> <!-- com.groupkt.functionaltest.ValidstateStatenameTest -->
