<?xml version="1.0" encoding="UTF-8"?>
<!-- Generated by org.testng.reporters.JUnitReportReporter -->
<testsuite skipped="0" hostname="DESKTOP-VRTLONR" name="com.groupkt.test.test" tests="5" failures="0" timestamp="24 Oct 2018 03:44:51 GMT" time="1.506" errors="0">
  <testcase name="validation" time="0.188" classname="com.groupkt.test.test"/>
  <testcase name="validation" time="0.267" classname="com.groupkt.test.test"/>
  <testcase name="validation" time="0.223" classname="com.groupkt.test.test"/>
  <testcase name="validation" time="0.242" classname="com.groupkt.test.test"/>
  <testcase name="validation" time="0.586" classname="com.groupkt.test.test"/>
</testsuite> <!-- com.groupkt.test.test -->
