<?xml version="1.0" encoding="UTF-8"?>
<!-- Generated by org.testng.reporters.JUnitReportReporter -->
<testsuite skipped="0" hostname="DESKTOP-VRTLONR" name="com.groupkt.test.AllState" tests="1" failures="0" timestamp="23 Oct 2018 05:49:08 GMT" time="25.876" errors="0">
  <testcase name="allStateTest" time="25.876" classname="com.groupkt.test.AllState"/>
</testsuite> <!-- com.groupkt.test.AllState -->
