<?xml version="1.0" encoding="UTF-8"?>
<!-- Generated by org.testng.reporters.JUnitReportReporter -->
<testsuite skipped="0" hostname="DESKTOP-VRTLONR" name="com.groupkt.functionaltest.InValidstateStatenameTest" tests="5" failures="0" timestamp="24 Oct 2018 04:18:48 GMT" time="0.934" errors="0">
  <testcase name="validation" time="0.185" classname="com.groupkt.functionaltest.InValidstateStatenameTest"/>
  <testcase name="validation" time="0.192" classname="com.groupkt.functionaltest.InValidstateStatenameTest"/>
  <testcase name="validation" time="0.190" classname="com.groupkt.functionaltest.InValidstateStatenameTest"/>
  <testcase name="validation" time="0.198" classname="com.groupkt.functionaltest.InValidstateStatenameTest"/>
  <testcase name="validation" time="0.169" classname="com.groupkt.functionaltest.InValidstateStatenameTest"/>
</testsuite> <!-- com.groupkt.functionaltest.InValidstateStatenameTest -->
