<?xml version="1.0" encoding="UTF-8"?>
<!-- Generated by org.testng.reporters.JUnitReportReporter -->
<testsuite skipped="0" hostname="DESKTOP-VRTLONR" name="com.groupkt.functionaltest.ValidstateAbbreviationTest" tests="5" failures="0" timestamp="24 Oct 2018 04:18:48 GMT" time="0.971" errors="0">
  <testcase name="validation" time="0.192" classname="com.groupkt.functionaltest.ValidstateAbbreviationTest"/>
  <testcase name="validation" time="0.183" classname="com.groupkt.functionaltest.ValidstateAbbreviationTest"/>
  <testcase name="validation" time="0.191" classname="com.groupkt.functionaltest.ValidstateAbbreviationTest"/>
  <testcase name="validation" time="0.184" classname="com.groupkt.functionaltest.ValidstateAbbreviationTest"/>
  <testcase name="validation" time="0.221" classname="com.groupkt.functionaltest.ValidstateAbbreviationTest"/>
</testsuite> <!-- com.groupkt.functionaltest.ValidstateAbbreviationTest -->
