<?xml version="1.0" encoding="UTF-8"?>
<!-- Generated by org.testng.reporters.JUnitReportReporter -->
<testsuite skipped="0" hostname="DESKTOP-VRTLONR" name="com.groupkt.functionaltest.InValidstateAbbreviationTest" tests="5" failures="0" timestamp="24 Oct 2018 04:18:48 GMT" time="1.272" errors="0">
  <testcase name="validation" time="0.457" classname="com.groupkt.functionaltest.InValidstateAbbreviationTest"/>
  <testcase name="validation" time="0.203" classname="com.groupkt.functionaltest.InValidstateAbbreviationTest"/>
  <testcase name="validation" time="0.201" classname="com.groupkt.functionaltest.InValidstateAbbreviationTest"/>
  <testcase name="validation" time="0.216" classname="com.groupkt.functionaltest.InValidstateAbbreviationTest"/>
  <testcase name="validation" time="0.195" classname="com.groupkt.functionaltest.InValidstateAbbreviationTest"/>
</testsuite> <!-- com.groupkt.functionaltest.InValidstateAbbreviationTest -->
